e:\deeplearning\caffe-windows\windows\my_convert_data\x64\debug\vc140.pdb
e:\deeplearning\caffe-windows\windows\my_convert_data\x64\debug\vc140.idb
e:\deeplearning\caffe-windows\windows\my_convert_data\x64\debug\convert_data.obj
e:\deeplearning\caffe-windows\windows\my_convert_data\x64\debug\my_convert_data.vcxprojresolveassemblyreference.cache
e:\deeplearning\caffe-windows\windows\x64\debug\my_convert_data.pdb
e:\deeplearning\caffe-windows\windows\my_convert_data\x64\debug\my_convert_data.tlog\cl.command.1.tlog
e:\deeplearning\caffe-windows\windows\my_convert_data\x64\debug\my_convert_data.tlog\cl.read.1.tlog
e:\deeplearning\caffe-windows\windows\my_convert_data\x64\debug\my_convert_data.tlog\cl.write.1.tlog
e:\deeplearning\caffe-windows\windows\my_convert_data\x64\debug\my_convert_data.tlog\link-cvtres.read.1.tlog
e:\deeplearning\caffe-windows\windows\my_convert_data\x64\debug\my_convert_data.tlog\link-cvtres.write.1.tlog
e:\deeplearning\caffe-windows\windows\my_convert_data\x64\debug\my_convert_data.tlog\link-rc.read.1.tlog
e:\deeplearning\caffe-windows\windows\my_convert_data\x64\debug\my_convert_data.tlog\link-rc.write.1.tlog
e:\deeplearning\caffe-windows\windows\my_convert_data\x64\debug\my_convert_data.tlog\link.22712.read.1.tlog
e:\deeplearning\caffe-windows\windows\my_convert_data\x64\debug\my_convert_data.tlog\link.22712.write.1.tlog
e:\deeplearning\caffe-windows\windows\my_convert_data\x64\debug\my_convert_data.tlog\link.38408.read.1.tlog
e:\deeplearning\caffe-windows\windows\my_convert_data\x64\debug\my_convert_data.tlog\link.38408.write.1.tlog
e:\deeplearning\caffe-windows\windows\my_convert_data\x64\debug\my_convert_data.tlog\link.42448.read.1.tlog
e:\deeplearning\caffe-windows\windows\my_convert_data\x64\debug\my_convert_data.tlog\link.42448.write.1.tlog
e:\deeplearning\caffe-windows\windows\my_convert_data\x64\debug\my_convert_data.tlog\link.command.1.tlog
e:\deeplearning\caffe-windows\windows\my_convert_data\x64\debug\my_convert_data.tlog\link.read.1.tlog
e:\deeplearning\caffe-windows\windows\my_convert_data\x64\debug\my_convert_data.tlog\link.write.1.tlog
